This is pdfTeX, Version 3.141592653-2.6-1.40.26 (MiKTeX 24.4) (preloaded format=pdflatex 2024.9.9)  16 OCT 2024 10:43
entering extended mode
 restricted \write18 enabled.
 file:line:error style messages enabled.
 %&-line parsing enabled.
**c:/Users/nicol/Documents/GitHub/phd_thesis_tex/main.tex
(c:/Users/nicol/Documents/GitHub/phd_thesis_tex/main.tex
LaTeX2e <2024-06-01> patch level 2
L3 programming layer <2024-08-16>
(C:\Program Files\MiKTeX\tex/latex/base\report.cls
Document Class: report 2024/02/08 v1.4n Standard LaTeX document class
(C:\Program Files\MiKTeX\tex/latex/base\size12.clo
File: size12.clo 2024/02/08 v1.4n Standard LaTeX file (size option)
)
\c@part=\count194
\c@chapter=\count195
\c@section=\count196
\c@subsection=\count197
\c@subsubsection=\count198
\c@paragraph=\count199
\c@subparagraph=\count266
\c@figure=\count267
\c@table=\count268
\abovecaptionskip=\skip49
\belowcaptionskip=\skip50
\bibindent=\dimen141
) (C:\Program Files\MiKTeX\tex/latex/geometry\geometry.sty
Package: geometry 2020/01/02 v5.9 Page Geometry
 (C:\Program Files\MiKTeX\tex/latex/graphics\keyval.sty
Package: keyval 2022/05/29 v1.15 key=value parser (DPC)
\KV@toks@=\toks17
) (C:\Program Files\MiKTeX\tex/generic/iftex\ifvtex.sty
Package: ifvtex 2019/10/25 v1.7 ifvtex legacy package. Use iftex instead.
 (C:\Program Files\MiKTeX\tex/generic/iftex\iftex.sty
Package: iftex 2022/02/03 v1.0f TeX engine tests
))
\Gm@cnth=\count269
\Gm@cntv=\count270
\c@Gm@tempcnt=\count271
\Gm@bindingoffset=\dimen142
\Gm@wd@mp=\dimen143
\Gm@odd@mp=\dimen144
\Gm@even@mp=\dimen145
\Gm@layoutwidth=\dimen146
\Gm@layoutheight=\dimen147
\Gm@layouthoffset=\dimen148
\Gm@layoutvoffset=\dimen149
\Gm@dimlist=\toks18
 (C:\Program Files\MiKTeX\tex/latex/geometry\geometry.cfg)) (C:\Program Files\MiKTeX\tex/latex/setspace\setspace.sty
Package: setspace 2022/12/04 v6.7b set line spacing
) (C:\Program Files\MiKTeX\tex/latex/parskip\parskip.sty
Package: parskip 2021-03-14 v2.0h non-zero parskip adjustments
 (C:\Program Files\MiKTeX\tex/latex/kvoptions\kvoptions.sty
Package: kvoptions 2022-06-15 v3.15 Key value format for package options (HO)
 (C:\Program Files\MiKTeX\tex/generic/ltxcmds\ltxcmds.sty
Package: ltxcmds 2023-12-04 v1.26 LaTeX kernel commands for general use (HO)
) (C:\Program Files\MiKTeX\tex/latex/kvsetkeys\kvsetkeys.sty
Package: kvsetkeys 2022-10-05 v1.19 Key value parser (HO)
)) (C:\Program Files\MiKTeX\tex/latex/etoolbox\etoolbox.sty
Package: etoolbox 2020/10/05 v2.5k e-TeX tools for LaTeX (JAW)
\etb@tempcnta=\count272
)) (C:\Program Files\MiKTeX\tex/latex/base\inputenc.sty
Package: inputenc 2024/02/08 v1.3d Input encoding file
\inpenc@prehook=\toks19
\inpenc@posthook=\toks20
) (C:\Program Files\MiKTeX\tex/latex/titlesec\titletoc.sty
Package: titletoc 2023/10/27 v2.16 TOC entries
\ttl@leftsep=\dimen150
) (C:\Program Files\MiKTeX\tex/latex/subfiles\subfiles.sty
Package: subfiles 2020/11/14 v2.2 Multi-file projects (package)
 (C:\Program Files\MiKTeX\tex/latex/import\import.sty
Package: import 2020/04/01  v 6.2
)) (C:\Program Files\MiKTeX\tex/latex/booktabs\booktabs.sty
Package: booktabs 2020/01/12 v1.61803398 Publication quality tables
\heavyrulewidth=\dimen151
\lightrulewidth=\dimen152
\cmidrulewidth=\dimen153
\belowrulesep=\dimen154
\belowbottomsep=\dimen155
\aboverulesep=\dimen156
\abovetopsep=\dimen157
\cmidrulesep=\dimen158
\cmidrulekern=\dimen159
\defaultaddspace=\dimen160
\@cmidla=\count273
\@cmidlb=\count274
\@aboverulesep=\dimen161
\@belowrulesep=\dimen162
\@thisruleclass=\count275
\@lastruleclass=\count276
\@thisrulewidth=\dimen163
) (C:\Program Files\MiKTeX\tex/latex/graphics\lscape.sty
Package: lscape 2020/05/28 v3.02 Landscape Pages (DPC)
 (C:\Program Files\MiKTeX\tex/latex/graphics\graphics.sty
Package: graphics 2024/05/23 v1.4g Standard LaTeX Graphics (DPC,SPQR)
 (C:\Program Files\MiKTeX\tex/latex/graphics\trig.sty
Package: trig 2023/12/02 v1.11 sin cos tan (DPC)
) (C:\Program Files\MiKTeX\tex/latex/graphics-cfg\graphics.cfg
File: graphics.cfg 2016/06/04 v1.11 sample graphics configuration
)
Package graphics Info: Driver file: pdftex.def on input line 106.
 (C:\Program Files\MiKTeX\tex/latex/graphics-def\pdftex.def
File: pdftex.def 2024/04/13 v1.2c Graphics/color driver for pdftex
))) (C:\Program Files\MiKTeX\tex/latex/tools\longtable.sty
Package: longtable 2024-04-26 v4.20 Multi-page Table package (DPC)
\LTleft=\skip51
\LTright=\skip52
\LTpre=\skip53
\LTpost=\skip54
\LTchunksize=\count277
\LTcapwidth=\dimen164
\LT@head=\box52
\LT@firsthead=\box53
\LT@foot=\box54
\LT@lastfoot=\box55
\LT@gbox=\box56
\LT@cols=\count278
\LT@rows=\count279
\c@LT@tables=\count280
\c@LT@chunks=\count281
\LT@p@ftn=\toks21
) (C:\Program Files\MiKTeX\tex/latex/multirow\multirow.sty
Package: multirow 2021/03/15 v2.8 Span multiple rows of a table
\multirow@colwidth=\skip55
\multirow@cntb=\count282
\multirow@dima=\skip56
\bigstrutjot=\dimen165
) (C:\Program Files\MiKTeX\tex/latex/graphics\graphicx.sty
Package: graphicx 2021/09/16 v1.2d Enhanced LaTeX Graphics (DPC,SPQR)
\Gin@req@height=\dimen166
\Gin@req@width=\dimen167
) (C:\Program Files\MiKTeX\tex/latex/caption\caption.sty
Package: caption 2023/08/05 v3.6o Customizing captions (AR)
 (C:\Program Files\MiKTeX\tex/latex/caption\caption3.sty
Package: caption3 2023/07/31 v2.4d caption3 kernel (AR)
\caption@tempdima=\dimen168
\captionmargin=\dimen169
\caption@leftmargin=\dimen170
\caption@rightmargin=\dimen171
\caption@width=\dimen172
\caption@indent=\dimen173
\caption@parindent=\dimen174
\caption@hangindent=\dimen175
Package caption Info: Standard document class detected.
)
\c@caption@flags=\count283
\c@continuedfloat=\count284
Package caption Info: longtable package is loaded.
 (C:\Program Files\MiKTeX\tex/latex/caption\ltcaption.sty
Package: ltcaption 2021/01/08 v1.4c longtable captions (AR)
)) (C:\Program Files\MiKTeX\tex/latex/hyperref\nameref.sty
Package: nameref 2023-11-26 v2.56 Cross-referencing by name of section
 (C:\Program Files\MiKTeX\tex/latex/refcount\refcount.sty
Package: refcount 2019/12/15 v3.6 Data extraction from label references (HO)
 (C:\Program Files\MiKTeX\tex/generic/infwarerr\infwarerr.sty
Package: infwarerr 2019/12/03 v1.5 Providing info/warning/error messages (HO)
)) (C:\Program Files\MiKTeX\tex/generic/gettitlestring\gettitlestring.sty
Package: gettitlestring 2019/12/15 v1.6 Cleanup title references (HO)
)
\c@section@level=\count285
) (C:\Program Files\MiKTeX\tex/latex/hyperref\hyperref.sty
Package: hyperref 2024-07-10 v7.01j Hypertext links for LaTeX
 (C:\Program Files\MiKTeX\tex/generic/kvdefinekeys\kvdefinekeys.sty
Package: kvdefinekeys 2019-12-19 v1.6 Define keys (HO)
) (C:\Program Files\MiKTeX\tex/generic/pdfescape\pdfescape.sty
Package: pdfescape 2019/12/09 v1.15 Implements pdfTeX's escape features (HO)
 (C:\Program Files\MiKTeX\tex/generic/pdftexcmds\pdftexcmds.sty
Package: pdftexcmds 2020-06-27 v0.33 Utility functions of pdfTeX for LuaTeX (HO)
Package pdftexcmds Info: \pdf@primitive is available.
Package pdftexcmds Info: \pdf@ifprimitive is available.
Package pdftexcmds Info: \pdfdraftmode found.
)) (C:\Program Files\MiKTeX\tex/latex/hycolor\hycolor.sty
Package: hycolor 2020-01-27 v1.10 Color options for hyperref/bookmark (HO)
) (C:\Program Files\MiKTeX\tex/generic/stringenc\stringenc.sty
Package: stringenc 2019/11/29 v1.12 Convert strings between diff. encodings (HO)
)
\@linkdim=\dimen176
\Hy@linkcounter=\count286
\Hy@pagecounter=\count287
 (C:\Program Files\MiKTeX\tex/latex/hyperref\pd1enc.def
File: pd1enc.def 2024-07-10 v7.01j Hyperref: PDFDocEncoding definition (HO)
Now handling font encoding PD1 ...
... no UTF-8 mapping file for font encoding PD1
) (C:\Program Files\MiKTeX\tex/generic/intcalc\intcalc.sty
Package: intcalc 2019/12/15 v1.3 Expandable calculations with integers (HO)
)
\Hy@SavedSpaceFactor=\count288
 (C:\Program Files\MiKTeX\tex/latex/hyperref\puenc.def
File: puenc.def 2024-07-10 v7.01j Hyperref: PDF Unicode definition (HO)
Now handling font encoding PU ...
... no UTF-8 mapping file for font encoding PU
)
Package hyperref Info: Hyper figures OFF on input line 4157.
Package hyperref Info: Link nesting OFF on input line 4162.
Package hyperref Info: Hyper index ON on input line 4165.
Package hyperref Info: Plain pages OFF on input line 4172.
Package hyperref Info: Backreferencing OFF on input line 4177.
Package hyperref Info: Implicit mode ON; LaTeX internals redefined.
Package hyperref Info: Bookmarks ON on input line 4424.
\c@Hy@tempcnt=\count289
 (C:\Program Files\MiKTeX\tex/latex/url\url.sty
\Urlmuskip=\muskip17
Package: url 2013/09/16  ver 3.4  Verb mode for urls, etc.
)
LaTeX Info: Redefining \url on input line 4763.
\XeTeXLinkMargin=\dimen177
 (C:\Program Files\MiKTeX\tex/generic/bitset\bitset.sty
Package: bitset 2019/12/09 v1.3 Handle bit-vector datatype (HO)
 (C:\Program Files\MiKTeX\tex/generic/bigintcalc\bigintcalc.sty
Package: bigintcalc 2019/12/15 v1.5 Expandable calculations on big integers (HO)
))
\Fld@menulength=\count290
\Field@Width=\dimen178
\Fld@charsize=\dimen179
Package hyperref Info: Hyper figures OFF on input line 6042.
Package hyperref Info: Link nesting OFF on input line 6047.
Package hyperref Info: Hyper index ON on input line 6050.
Package hyperref Info: backreferencing OFF on input line 6057.
Package hyperref Info: Link coloring OFF on input line 6062.
Package hyperref Info: Link coloring with OCG OFF on input line 6067.
Package hyperref Info: PDF/A mode OFF on input line 6072.
 (C:\Program Files\MiKTeX\tex/latex/base\atbegshi-ltx.sty
Package: atbegshi-ltx 2021/01/10 v1.0c Emulation of the original atbegshi
package with kernel methods
)
\Hy@abspage=\count291
\c@Item=\count292
\c@Hfootnote=\count293
)
Package hyperref Info: Driver (autodetected): hpdftex.
 (C:\Program Files\MiKTeX\tex/latex/hyperref\hpdftex.def
File: hpdftex.def 2024-07-10 v7.01j Hyperref driver for pdfTeX
 (C:\Program Files\MiKTeX\tex/latex/base\atveryend-ltx.sty
Package: atveryend-ltx 2020/08/19 v1.0a Emulation of the original atveryend package
with kernel methods
)
\Fld@listcount=\count294
\c@bookmark@seq@number=\count295
 (C:\Program Files\MiKTeX\tex/latex/rerunfilecheck\rerunfilecheck.sty
Package: rerunfilecheck 2022-07-10 v1.10 Rerun checks for auxiliary files (HO)
 (C:\Program Files\MiKTeX\tex/generic/uniquecounter\uniquecounter.sty
Package: uniquecounter 2019/12/15 v1.4 Provide unlimited unique counter (HO)
)
Package uniquecounter Info: New unique counter `rerunfilecheck' on input line 285.
)
\Hy@SectionHShift=\skip57
) (C:\Program Files\MiKTeX\tex/latex/biblatex\biblatex.sty
Package: biblatex 2024/03/21 v3.20 programmable bibliographies (PK/MW)
 (C:\Program Files\MiKTeX\tex/latex/logreq\logreq.sty
Package: logreq 2010/08/04 v1.0 xml request logger
\lrq@indent=\count296
 (C:\Program Files\MiKTeX\tex/latex/logreq\logreq.def
File: logreq.def 2010/08/04 v1.0 logreq spec v1.0
)) (C:\Program Files\MiKTeX\tex/latex/base\ifthen.sty
Package: ifthen 2024/03/16 v1.1e Standard LaTeX ifthen package (DPC)
)
\c@tabx@nest=\count297
\c@listtotal=\count298
\c@listcount=\count299
\c@liststart=\count300
\c@liststop=\count301
\c@citecount=\count302
\c@citetotal=\count303
\c@multicitecount=\count304
\c@multicitetotal=\count305
\c@instcount=\count306
\c@maxnames=\count307
\c@minnames=\count308
\c@maxitems=\count309
\c@minitems=\count310
\c@citecounter=\count311
\c@maxcitecounter=\count312
\c@savedcitecounter=\count313
\c@uniquelist=\count314
\c@uniquename=\count315
\c@refsection=\count316
\c@refsegment=\count317
\c@maxextratitle=\count318
\c@maxextratitleyear=\count319
\c@maxextraname=\count320
\c@maxextradate=\count321
\c@maxextraalpha=\count322
\c@abbrvpenalty=\count323
\c@highnamepenalty=\count324
\c@lownamepenalty=\count325
\c@maxparens=\count326
\c@parenlevel=\count327
\blx@tempcnta=\count328
\blx@tempcntb=\count329
\blx@tempcntc=\count330
\c@blx@maxsection=\count331
\blx@maxsegment@0=\count332
\blx@notetype=\count333
\blx@parenlevel@text=\count334
\blx@parenlevel@foot=\count335
\blx@sectionciteorder@0=\count336
\blx@sectionciteorderinternal@0=\count337
\blx@entrysetcounter=\count338
\blx@biblioinstance=\count339
\labelnumberwidth=\skip58
\labelalphawidth=\skip59
\biblabelsep=\skip60
\bibitemsep=\skip61
\bibnamesep=\skip62
\bibinitsep=\skip63
\bibparsep=\skip64
\bibhang=\skip65
\blx@bcfin=\read2
\blx@bcfout=\write3
\blx@langwohyphens=\language79
\c@mincomprange=\count340
\c@maxcomprange=\count341
\c@mincompwidth=\count342
Package biblatex Info: Trying to load biblatex default data model...
Package biblatex Info: ... file 'blx-dm.def' found.
 (C:\Program Files\MiKTeX\tex/latex/biblatex\blx-dm.def
File: blx-dm.def 2024/03/21 v3.20 biblatex datamodel (PK/MW)
)
Package biblatex Info: Trying to load biblatex style data model...
Package biblatex Info: ... file 'apa.dbx' found.
 (C:\Program Files\MiKTeX\tex/latex/biblatex-apa\apa.dbx
File: apa.dbx 2023/03/20 v9.17 APA biblatex style data model
)
Package biblatex Info: Trying to load biblatex custom data model...
Package biblatex Info: ... file 'biblatex-dm.cfg' not found.
\c@afterword=\count343
\c@savedafterword=\count344
\c@annotator=\count345
\c@savedannotator=\count346
\c@author=\count347
\c@savedauthor=\count348
\c@bookauthor=\count349
\c@savedbookauthor=\count350
\c@commentator=\count351
\c@savedcommentator=\count352
\c@editor=\count353
\c@savededitor=\count354
\c@editora=\count355
\c@savededitora=\count356
\c@editorb=\count357
\c@savededitorb=\count358
\c@editorc=\count359
\c@savededitorc=\count360
\c@foreword=\count361
\c@savedforeword=\count362
\c@holder=\count363
\c@savedholder=\count364
\c@introduction=\count365
\c@savedintroduction=\count366
\c@namea=\count367
\c@savednamea=\count368
\c@nameb=\count369
\c@savednameb=\count370
\c@namec=\count371
\c@savednamec=\count372
\c@translator=\count373
\c@savedtranslator=\count374
\c@shortauthor=\count375
\c@savedshortauthor=\count376
\c@shorteditor=\count377
\c@savedshorteditor=\count378
\c@narrator=\count379
\c@savednarrator=\count380
\c@execproducer=\count381
\c@savedexecproducer=\count382
\c@execdirector=\count383
\c@savedexecdirector=\count384
\c@with=\count385
\c@savedwith=\count386
\c@labelname=\count387
\c@savedlabelname=\count388
\c@institution=\count389
\c@savedinstitution=\count390
\c@lista=\count391
\c@savedlista=\count392
\c@listb=\count393
\c@savedlistb=\count394
\c@listc=\count395
\c@savedlistc=\count396
\c@listd=\count397
\c@savedlistd=\count398
\c@liste=\count399
\c@savedliste=\count400
\c@listf=\count401
\c@savedlistf=\count402
\c@location=\count403
\c@savedlocation=\count404
\c@organization=\count405
\c@savedorganization=\count406
\c@origlocation=\count407
\c@savedoriglocation=\count408
\c@origpublisher=\count409
\c@savedorigpublisher=\count410
\c@publisher=\count411
\c@savedpublisher=\count412
\c@language=\count413
\c@savedlanguage=\count414
\c@origlanguage=\count415
\c@savedoriglanguage=\count416
\c@citation=\count417
\c@savedcitation=\count418
\c@pageref=\count419
\c@savedpageref=\count420
\shorthandwidth=\skip66
\shortjournalwidth=\skip67
\shortserieswidth=\skip68
\shorttitlewidth=\skip69
\shortauthorwidth=\skip70
\shorteditorwidth=\skip71
\locallabelnumberwidth=\skip72
\locallabelalphawidth=\skip73
\localshorthandwidth=\skip74
\localshortjournalwidth=\skip75
\localshortserieswidth=\skip76
\localshorttitlewidth=\skip77
\localshortauthorwidth=\skip78
\localshorteditorwidth=\skip79
Package biblatex Info: Trying to load compatibility code...
Package biblatex Info: ... file 'blx-compat.def' found.
 (C:\Program Files\MiKTeX\tex/latex/biblatex\blx-compat.def
File: blx-compat.def 2024/03/21 v3.20 biblatex compatibility (PK/MW)
)
Package biblatex Info: Trying to load generic definitions...
Package biblatex Info: ... file 'biblatex.def' found.
 (C:\Program Files\MiKTeX\tex/latex/biblatex\biblatex.def
File: biblatex.def 2024/03/21 v3.20 biblatex compatibility (PK/MW)
\c@textcitecount=\count421
\c@textcitetotal=\count422
\c@textcitemaxnames=\count423
\c@biburlbigbreakpenalty=\count424
\c@biburlbreakpenalty=\count425
\c@biburlnumpenalty=\count426
\c@biburlucpenalty=\count427
\c@biburllcpenalty=\count428
\biburlbigskip=\muskip18
\biburlnumskip=\muskip19
\biburlucskip=\muskip20
\biburllcskip=\muskip21
\c@smartand=\count429
)
Package biblatex Info: Trying to load bibliography style 'apa'...
Package biblatex Info: ... file 'apa.bbx' found.
 (C:\Program Files\MiKTeX\tex/latex/biblatex-apa\apa.bbx
File: apa.bbx 2023/03/20 v9.17 APA biblatex references style
Package biblatex Info: Trying to load bibliography style 'standard'...
Package biblatex Info: ... file 'standard.bbx' found.
 (C:\Program Files\MiKTeX\tex/latex/biblatex/bbx\standard.bbx
File: standard.bbx 2024/03/21 v3.20 biblatex bibliography style (PK/MW)
\c@bbx:relatedcount=\count430
\c@bbx:relatedtotal=\count431
)
Package biblatex Info: Delimiter 'nameyeardelim' in context 'bib' already defined, overwriting.
Package biblatex Info: Delimiter 'nameyeardelim' in context 'biblist' already defined, overwriting.
Package biblatex Info: Delimiter 'nonameyeardelim' in context 'bib' already defined, overwriting.
Package biblatex Info: Delimiter 'nonameyeardelim' in context 'biblist' already defined, overwriting.
)
Package biblatex Info: Trying to load citation style 'apa'...
Package biblatex Info: ... file 'apa.cbx' found.
 (C:\Program Files\MiKTeX\tex/latex/biblatex-apa\apa.cbx
File: apa.cbx 2023/03/20 v9.17 APA biblatex citation style
Package biblatex Info: Delimiter 'nameyeardelim' in context '' already defined, overwriting.
Package biblatex Info: Delimiter 'andothersdelim' in context '' already defined, overwriting.
Package biblatex Info: Redefining '\fullcite'.
Package biblatex Info: Redefining '\citeauthor'.
Package biblatex Info: Redefining '\citeyear'.
Package biblatex Info: Redefining '\cite'.
Package biblatex Info: Redefining '\cites'.
Package biblatex Info: Redefining '\parencite'.
Package biblatex Info: Redefining '\parencites'.
Package biblatex Info: Redefining '\footcite'.
Package biblatex Info: Redefining '\footcites'.
Package biblatex Info: Redefining '\footcitetext'.
Package biblatex Info: Redefining '\footcitetexts'.
Package biblatex Info: Redefining '\smartcite'.
Package biblatex Info: Redefining '\smartcites'.
Package biblatex Info: Redefining '\textcite'.
Package biblatex Info: Redefining '\textcites'.
)
Package biblatex Info: Trying to load configuration file...
Package biblatex Info: ... file 'biblatex.cfg' found.
 (C:\Program Files\MiKTeX\tex/latex/biblatex\biblatex.cfg
File: biblatex.cfg 
)
Package biblatex Info: Input encoding 'utf8' detected.
Package biblatex Info: Document encoding is UTF8 ....
 (C:\Program Files\MiKTeX\tex/latex/l3kernel\expl3.sty
Package: expl3 2024-08-16 L3 programming layer (loader) 
 (C:\Program Files\MiKTeX\tex/latex/l3backend\l3backend-pdftex.def
File: l3backend-pdftex.def 2024-05-08 L3 backend support: PDF output (pdfTeX)
\l__color_backend_stack_int=\count432
\l__pdf_internal_box=\box57
))
Package biblatex Info: ... and expl3
(biblatex)             2024-08-16 L3 programming layer (loader) 
(biblatex)             is new enough (at least 2020/04/06),
(biblatex)             setting 'casechanger=expl3'.
 (C:\Program Files\MiKTeX\tex/latex/biblatex\blx-case-expl3.sty (C:\Program Files\MiKTeX\tex/latex/l3packages/xparse\xparse.sty
Package: xparse 2024-08-16 L3 Experimental document command parser
)
Package: blx-case-expl3 2024/03/21 v3.20 expl3 case changing code for biblatex
)) (C:\Program Files\MiKTeX\tex/latex/lipsum\lipsum.sty (C:\Program Files\MiKTeX\tex/latex/l3packages/l3keys2e\l3keys2e.sty
Package: l3keys2e 2024-08-16 LaTeX2e option processing using LaTeX3 keys
)
Package: lipsum 2021-09-20 v2.7 150 paragraphs of Lorem Ipsum dummy text
\g__lipsum_par_int=\count433
\l__lipsum_a_int=\count434
\l__lipsum_b_int=\count435
 (C:\Program Files\MiKTeX\tex/latex/lipsum\lipsum.ltd.tex)) (C:\Program Files\MiKTeX\tex/latex/mhchem\mhchem.sty
Package: mhchem 2024/01/29 v4.10 for typesetting chemical formulae
 (C:\Program Files\MiKTeX\tex/latex/tools\calc.sty
Package: calc 2023/07/08 v4.3 Infix arithmetic (KKT,FJ)
\calc@Acount=\count436
\calc@Bcount=\count437
\calc@Adimen=\dimen180
\calc@Bdimen=\dimen181
\calc@Askip=\skip80
\calc@Bskip=\skip81
LaTeX Info: Redefining \setlength on input line 80.
LaTeX Info: Redefining \addtolength on input line 81.
\calc@Ccount=\count438
\calc@Cskip=\skip82
) (C:\Program Files\MiKTeX\tex/latex/amsmath\amsmath.sty
Package: amsmath 2024/05/23 v2.17q AMS math features
\@mathmargin=\skip83

For additional information on amsmath, use the `?' option.
(C:\Program Files\MiKTeX\tex/latex/amsmath\amstext.sty
Package: amstext 2021/08/26 v2.01 AMS text
 (C:\Program Files\MiKTeX\tex/latex/amsmath\amsgen.sty
File: amsgen.sty 1999/11/30 v2.0 generic functions
\@emptytoks=\toks22
\ex@=\dimen182
)) (C:\Program Files\MiKTeX\tex/latex/amsmath\amsbsy.sty
Package: amsbsy 1999/11/29 v1.2d Bold Symbols
\pmbraise@=\dimen183
) (C:\Program Files\MiKTeX\tex/latex/amsmath\amsopn.sty
Package: amsopn 2022/04/08 v2.04 operator names
)
\inf@bad=\count439
LaTeX Info: Redefining \frac on input line 233.
\uproot@=\count440
\leftroot@=\count441
LaTeX Info: Redefining \overline on input line 398.
LaTeX Info: Redefining \colon on input line 409.
\classnum@=\count442
\DOTSCASE@=\count443
LaTeX Info: Redefining \ldots on input line 495.
LaTeX Info: Redefining \dots on input line 498.
LaTeX Info: Redefining \cdots on input line 619.
\Mathstrutbox@=\box58
\strutbox@=\box59
LaTeX Info: Redefining \big on input line 721.
LaTeX Info: Redefining \Big on input line 722.
LaTeX Info: Redefining \bigg on input line 723.
LaTeX Info: Redefining \Bigg on input line 724.
\big@size=\dimen184
LaTeX Font Info:    Redeclaring font encoding OML on input line 742.
LaTeX Font Info:    Redeclaring font encoding OMS on input line 743.
\macc@depth=\count444
LaTeX Info: Redefining \bmod on input line 904.
LaTeX Info: Redefining \pmod on input line 909.
LaTeX Info: Redefining \smash on input line 939.
LaTeX Info: Redefining \relbar on input line 969.
LaTeX Info: Redefining \Relbar on input line 970.
\c@MaxMatrixCols=\count445
\dotsspace@=\muskip22
\c@parentequation=\count446
\dspbrk@lvl=\count447
\tag@help=\toks23
\row@=\count448
\column@=\count449
\maxfields@=\count450
\andhelp@=\toks24
\eqnshift@=\dimen185
\alignsep@=\dimen186
\tagshift@=\dimen187
\tagwidth@=\dimen188
\totwidth@=\dimen189
\lineht@=\dimen190
\@envbody=\toks25
\multlinegap=\skip84
\multlinetaggap=\skip85
\mathdisplay@stack=\toks26
LaTeX Info: Redefining \[ on input line 2953.
LaTeX Info: Redefining \] on input line 2954.
) (C:\Program Files\MiKTeX\tex/latex/chemgreek\chemgreek.sty
Package: chemgreek 2020/01/16 v1.1a interface for upright Greek letters for use in chemistry (CN)
\l__chemgreek_tmpa_int=\count451
\g__chemgreek_tmpa_int=\count452
)
\l__mhchem_ce_distanceFromLastComma_int=\count453
\__mhchem_arrow_extPgfLength_skip=\skip86
\mhchem@minispace@tmp=\skip87
\mhchem@minibackspace@tmp=\skip88
\mhchem@bondwidth=\skip89
\mhchem@bondheight=\skip90
\mhchem@smallbondwidth@tmpA=\skip91
\mhchem@smallbondwidth@tmpB=\skip92
\mhchem@smallbondwidth=\skip93
\mhchem@bondtmp@minussidebearingleft=\skip94
\mhchem@bondtmp@minussidebearingright=\skip95
\l__mhchem_option_version_int=\count454
\mhchem@option@minusmathsidebearingleft=\dimen191
\mhchem@option@minusmathsidebearingright=\dimen192
\mhchem@option@minustextsidebearingleft=\dimen193
\mhchem@option@minustextsidebearingright=\dimen194


Package mhchem Warning: You did not specify a 'version' option for the mhchem
(mhchem)                package. Please write \usepackage[version=4]{mhchem}
(mhchem)                in your preamble (or any lower number for
(mhchem)                compatibility mode), because you might get slightly
(mhchem)                different output with the same input in future versions.

) (C:\Program Files\MiKTeX\tex/latex/base\textcomp.sty
Package: textcomp 2024/04/24 v2.1b Standard LaTeX package
) (C:\Program Files\MiKTeX\tex/latex/siunitx\siunitx.sty
Package: siunitx 2024-08-20 v3.3.21 A comprehensive (SI) units package
\l__siunitx_number_uncert_offset_int=\count455
\l__siunitx_number_exponent_fixed_int=\count456
\l__siunitx_number_min_decimal_int=\count457
\l__siunitx_number_min_integer_int=\count458
\l__siunitx_number_round_precision_int=\count459
\l__siunitx_number_lower_threshold_int=\count460
\l__siunitx_number_upper_threshold_int=\count461
\l__siunitx_number_group_first_int=\count462
\l__siunitx_number_group_size_int=\count463
\l__siunitx_number_group_minimum_int=\count464
\l__siunitx_angle_tmp_dim=\dimen195
\l__siunitx_angle_marker_box=\box60
\l__siunitx_angle_unit_box=\box61
\l__siunitx_compound_count_int=\count465
 (C:\Program Files\MiKTeX\tex/latex/translations\translations.sty
Package: translations 2022/02/05 v1.12 internationalization of LaTeX2e packages (CN)
)
\l__siunitx_table_tmp_box=\box62
\l__siunitx_table_tmp_dim=\dimen196
\l__siunitx_table_column_width_dim=\dimen197
\l__siunitx_table_integer_box=\box63
\l__siunitx_table_decimal_box=\box64
\l__siunitx_table_uncert_box=\box65
\l__siunitx_table_before_box=\box66
\l__siunitx_table_after_box=\box67
\l__siunitx_table_before_dim=\dimen198
\l__siunitx_table_carry_dim=\dimen199
\l__siunitx_unit_tmp_int=\count466
\l__siunitx_unit_position_int=\count467
\l__siunitx_unit_total_int=\count468
 (C:\Program Files\MiKTeX\tex/latex/tools\array.sty
Package: array 2024/06/14 v2.6d Tabular extension package (FMi)
\col@sep=\dimen256
\ar@mcellbox=\box68
\extrarowheight=\dimen257
\NC@list=\toks27
\extratabsurround=\skip96
\backup@length=\skip97
\ar@cellbox=\box69
)) (C:\Program Files\MiKTeX\tex/latex/glossaries-extra\glossaries-extra.sty
Package: glossaries-extra 2023/09/29 v1.53 (NLCT)
 (C:\Program Files\MiKTeX\tex/latex/xkeyval\xkeyval.sty
Package: xkeyval 2022/06/16 v2.9 package option processing (HA)
 (C:\Program Files\MiKTeX\tex/generic/xkeyval\xkeyval.tex (C:\Program Files\MiKTeX\tex/generic/xkeyval\xkvutils.tex
\XKV@toks=\toks28
\XKV@tempa@toks=\toks29
)
\XKV@depth=\count469
File: xkeyval.tex 2014/12/03 v2.7a key=value parser (HA)
)) (C:\Program Files\MiKTeX\tex/latex/glossaries/base\glossaries.sty
Package: glossaries 2024/04/03 v4.54 (NLCT)
 (C:\Program Files\MiKTeX\tex/latex/mfirstuc\mfirstuc.sty
Package: mfirstuc 2022/10/14 v2.08 (NLCT)
\@glsmfirst=\toks30
\@glsmrest=\toks31
) (C:\Program Files\MiKTeX\tex/latex/xfor\xfor.sty
Package: xfor 2009/02/05 v1.05 (NLCT)
) (C:\Program Files\MiKTeX\tex/latex/datatool\datatool-base.sty
Package: datatool-base 2019/09/27 v2.32 (NLCT)
 (C:\Program Files\MiKTeX\tex/latex/substr\substr.sty
Package: substr 2009/10/20 v1.2 Handle substrings
\c@su@anzahl=\count470
) (C:\Program Files\MiKTeX\tex/latex/datatool\datatool-fp.sty
Package: datatool-fp 2019/09/27 v2.32 (NLCT)
 (C:\Program Files\MiKTeX\tex/latex/fp\fp.sty
Package: fp 1995/04/02
 `Fixed Point Package', Version 0.8, April 2, 1995 (C) Michael Mehlich (C:\Program Files\MiKTeX\tex/latex/fp\defpattern.sty
Package: defpattern 1994/10/12
\actioncount=\count471
) (C:\Program Files\MiKTeX\tex/latex/fp\fp-basic.sty
Package: fp-basic 1996/05/13
\FP@xs=\count472
\FP@xia=\count473
\FP@xib=\count474
\FP@xfa=\count475
\FP@xfb=\count476
\FP@rega=\count477
\FP@regb=\count478
\FP@regs=\count479
\FP@times=\count480
) (C:\Program Files\MiKTeX\tex/latex/fp\fp-addons.sty
Package: fp-addons 1995/03/15
) (C:\Program Files\MiKTeX\tex/latex/fp\fp-snap.sty
Package: fp-snap 1995/04/05
) (C:\Program Files\MiKTeX\tex/latex/fp\fp-exp.sty
Package: fp-exp 1995/04/03
) (C:\Program Files\MiKTeX\tex/latex/fp\fp-trigo.sty
Package: fp-trigo 1995/04/14
) (C:\Program Files\MiKTeX\tex/latex/fp\fp-pas.sty
Package: fp-pas 1994/08/29
) (C:\Program Files\MiKTeX\tex/latex/fp\fp-random.sty
Package: fp-random 1995/02/23
\FPseed=\count481
) (C:\Program Files\MiKTeX\tex/latex/fp\fp-eqn.sty
Package: fp-eqn 1995/04/03
) (C:\Program Files\MiKTeX\tex/latex/fp\fp-upn.sty
Package: fp-upn 1996/10/21
) (C:\Program Files\MiKTeX\tex/latex/fp\fp-eval.sty
Package: fp-eval 1995/04/03
)))
\@dtl@toks=\toks32
\@dtl@tmpcount=\count482
\dtl@tmplength=\skip98
\dtl@sortresult=\count483
\@dtl@numgrpsepcount=\count484
\@dtl@datatype=\count485
\dtl@codeA=\count486
\dtl@codeB=\count487
\@dtl@foreach@level=\count488
)
\gls@level=\count489
\@gls@tmpb=\toks33
\gls@tmplen=\skip99
\glskeylisttok=\toks34
\glslabeltok=\toks35
\glsshorttok=\toks36
\glslongtok=\toks37
 (C:\Program Files\MiKTeX\tex/latex/glossaries/styles\glossary-hypernav.sty
Package: glossary-hypernav 2024/04/03 v4.54 (NLCT)
) (C:\Program Files\MiKTeX\tex/latex/glossaries/styles\glossary-list.sty
Package: glossary-list 2024/04/03 v4.54 (NLCT)
\glslistdottedwidth=\skip100
) (C:\Program Files\MiKTeX\tex/latex/glossaries/styles\glossary-long.sty
Package: glossary-long 2024/04/03 v4.54 (NLCT)
\glsdescwidth=\skip101
\glspagelistwidth=\skip102
) (C:\Program Files\MiKTeX\tex/latex/glossaries/styles\glossary-super.sty
Package: glossary-super 2024/04/03 v4.54 (NLCT)
 (C:\Program Files\MiKTeX\tex/latex/supertabular\supertabular.sty
Package: supertabular 2024/07/20 v4.2c the supertabular environment
\c@tracingst=\count490
\ST@wd=\dimen258
\ST@rightskip=\skip103
\ST@leftskip=\skip104
\ST@parfillskip=\skip105
\ST@pageleft=\dimen259
\ST@headht=\dimen260
\ST@tailht=\dimen261
\ST@pagesofar=\dimen262
\ST@pboxht=\dimen263
\ST@rowht=\dimen264
\ST@prevht=\dimen265
\ST@toadd=\dimen266
\ST@dimen=\dimen267
\ST@pbox=\box70
)) (C:\Program Files\MiKTeX\tex/latex/glossaries/styles\glossary-tree.sty
Package: glossary-tree 2024/04/03 v4.54 (NLCT)
\glstreeindent=\skip106
))
\@glsxtr@leveloffset=\count491
\glsxtrresourcecount=\count492
\@glsxtrnewgls@inner=\count493
\glsshortpltok=\toks38
\glslongpltok=\toks39
 (C:\Program Files\MiKTeX\tex/latex/glossaries-extra\glossaries-extra-abbrstyles.def
File: glossaries-extra-abbrstyles.def 2023/06/28 v1.52 (NLCT)
)
\mglselementindex=\count494
) (sections/abbreviations.tex)
\@quotelevel=\count495
\@quotereset=\count496
Package translations Info: No language package found. I am going to use `english' as default language. on input line 60.
 (C:\Program Files\MiKTeX\tex/latex/graphics\color.sty
Package: color 2024/01/14 v1.3d Standard LaTeX Color (DPC)
 (C:\Program Files\MiKTeX\tex/latex/graphics-cfg\color.cfg
File: color.cfg 2016/01/02 v1.6 sample color configuration
)
Package color Info: Driver file: pdftex.def on input line 149.
 (C:\Program Files\MiKTeX\tex/latex/graphics\mathcolor.ltx)) (main.aux

LaTeX Warning: Label `suppFig:fox_JMOP' multiply defined.

)
\openout1 = `main.aux'.

LaTeX Font Info:    Checking defaults for OML/cmm/m/it on input line 60.
LaTeX Font Info:    ... okay on input line 60.
LaTeX Font Info:    Checking defaults for OMS/cmsy/m/n on input line 60.
LaTeX Font Info:    ... okay on input line 60.
LaTeX Font Info:    Checking defaults for OT1/cmr/m/n on input line 60.
LaTeX Font Info:    ... okay on input line 60.
LaTeX Font Info:    Checking defaults for T1/cmr/m/n on input line 60.
LaTeX Font Info:    ... okay on input line 60.
LaTeX Font Info:    Checking defaults for TS1/cmr/m/n on input line 60.
LaTeX Font Info:    ... okay on input line 60.
LaTeX Font Info:    Checking defaults for OMX/cmex/m/n on input line 60.
LaTeX Font Info:    ... okay on input line 60.
LaTeX Font Info:    Checking defaults for U/cmr/m/n on input line 60.
LaTeX Font Info:    ... okay on input line 60.
LaTeX Font Info:    Checking defaults for PD1/pdf/m/n on input line 60.
LaTeX Font Info:    ... okay on input line 60.
LaTeX Font Info:    Checking defaults for PU/pdf/m/n on input line 60.
LaTeX Font Info:    ... okay on input line 60.

*geometry* driver: auto-detecting
*geometry* detected driver: pdftex
*geometry* verbose mode - [ preamble ] result:
* driver: pdftex
* paper: a4paper
* layout: <same size as paper>
* layoutoffset:(h,v)=(0.0pt,0.0pt)
* modes: 
* h-part:(L,W,R)=(56.90552pt, 483.69684pt, 56.90552pt)
* v-part:(T,H,B)=(53.49118pt, 711.3189pt, 80.23677pt)
* \paperwidth=597.50787pt
* \paperheight=845.04684pt
* \textwidth=483.69684pt
* \textheight=711.3189pt
* \oddsidemargin=-15.36447pt
* \evensidemargin=-15.36447pt
* \topmargin=-55.77881pt
* \headheight=12.0pt
* \headsep=25.0pt
* \topskip=12.0pt
* \footskip=30.0pt
* \marginparwidth=44.0pt
* \marginparsep=10.0pt
* \columnsep=10.0pt
* \skip\footins=10.8pt plus 4.0pt minus 2.0pt
* \hoffset=0.0pt
* \voffset=0.0pt
* \mag=1000
* \@twocolumnfalse
* \@twosidefalse
* \@mparswitchfalse
* \@reversemarginfalse
* (1in=72.27pt=25.4mm, 1cm=28.453pt)

(C:\Program Files\MiKTeX\tex/context/base/mkii\supp-pdf.mkii
[Loading MPS to PDF converter (version 2006.09.02).]
\scratchcounter=\count497
\scratchdimen=\dimen268
\scratchbox=\box71
\nofMPsegments=\count498
\nofMParguments=\count499
\everyMPshowfont=\toks40
\MPscratchCnt=\count500
\MPscratchDim=\dimen269
\MPnumerator=\count501
\makeMPintoPDFobject=\count502
\everyMPtoPDFconversion=\toks41
) (C:\Program Files\MiKTeX\tex/latex/epstopdf-pkg\epstopdf-base.sty
Package: epstopdf-base 2020-01-24 v2.11 Base part for package epstopdf
Package epstopdf-base Info: Redefining graphics rule for `.eps' on input line 485.
 (C:\Program Files\MiKTeX\tex/latex/00miktex\epstopdf-sys.cfg
File: epstopdf-sys.cfg 2021/03/18 v2.0 Configuration of epstopdf for MiKTeX
))
Package caption Info: Begin \AtBeginDocument code.
Package caption Info: hyperref package is loaded.
Package caption Info: supertabular package is loaded.
Package caption Info: End \AtBeginDocument code.
Package hyperref Info: Link coloring OFF on input line 60.
 (main.out) (main.out)
\@outlinefile=\write4
\openout4 = `main.out'.

Package biblatex Info: Trying to load language 'english' -> 'english-apa'...
Package biblatex Info: ... file 'english-apa.lbx' found.
 (C:\Program Files\MiKTeX\tex/latex/biblatex-apa\english-apa.lbx
File: english-apa.lbx 2023/03/20 v9.17 APA biblatex localisation
Package biblatex Info: Trying to load language 'english'...
Package biblatex Info: ... file 'english.lbx' found.
 (C:\Program Files\MiKTeX\tex/latex/biblatex/lbx\english.lbx
File: english.lbx 2024/03/21 v3.20 biblatex localization (PK/MW)
)
Package biblatex Info: Trying to load language 'american' -> 'american-apa'...
Package biblatex Info: ... file 'american-apa.lbx' found.
 (C:\Program Files\MiKTeX\tex/latex/biblatex-apa\american-apa.lbx
File: american-apa.lbx 2023/03/20 v9.17 APA biblatex localisation
Package biblatex Info: Trying to load language 'american'...
Package biblatex Info: ... file 'american.lbx' found.
 (C:\Program Files\MiKTeX\tex/latex/biblatex/lbx\american.lbx
File: american.lbx 2024/03/21 v3.20 biblatex localization (PK/MW)
Package biblatex Info: Trying to load language 'english'...
Package biblatex Info: ... file 'english.lbx' found.
 (C:\Program Files\MiKTeX\tex/latex/biblatex/lbx\english.lbx
File: english.lbx 2024/03/21 v3.20 biblatex localization (PK/MW)
))))
Package biblatex Info: Input encoding 'utf8' detected.
Package biblatex Info: Automatic encoding selection.
(biblatex)             Assuming data encoding 'utf8'.
\openout3 = `main.bcf'.

Package biblatex Info: Trying to load bibliographic data...
Package biblatex Info: ... file 'main.bbl' found.
 (main.bbl)
Package biblatex Info: Reference section=0 on input line 60.
Package biblatex Info: Reference segment=0 on input line 60.

Package chemgreek Info: Activating mapping `default' on line 60.

 (C:\Program Files\MiKTeX\tex/latex/translations/dicts\translations-basic-dictionary-english.trsl
File: translations-basic-dictionary-english.trsl (english translation file `translations-basic-dictionary')
)
Package translations Info: loading dictionary `translations-basic-dictionary' for `english'. on input line 60.
 (sections/frontpage.tex
<./figures/logo_unibo.png, id=183, 185.0112pt x 133.6995pt>
File: ./figures/logo_unibo.png Graphic file (type png)
<use ./figures/logo_unibo.png>
Package pdftex.def Info: ./figures/logo_unibo.png  used on input line 18.
(pdftex.def)             Requested size: 185.01074pt x 133.69916pt.


[1

{C:/Users/nicol/AppData/Local/MiKTeX/fonts/map/pdftex/pdftex.map} <./figures/logo_unibo.png>]) (main.toc

[1

]
Overfull \hbox (6.75513pt too wide) in paragraph at lines 30--30
 [][] [][]\OT1/cmr/m/n/12 A new manually-curated and phylogenetic-based ref-er-ence dataset of Dmrt, 
 []

)
\tf@toc=\write5
\openout5 = `main.toc'.



[2]


pdfTeX warning (ext4): destination with the same identifier (name{page.1}) has been already used, duplicate ignored
<to be read again> 
                   \relax 
l.79 }
       [1



] (sections/chapter1_introduction.tex

[2]
Chapter 1.


[3

]

[4]
Overfull \hbox (11.33884pt too wide) in paragraph at lines 24--24
[]\OT1/cmr/bx/n/17.28 Sex de-ter-mi-na-tion in bi-valves: a long-standing enigma 
 []



[5]

[6]) (sections/chapter2_perspective.tex

[7]
Chapter 2.

Overfull \hbox (7.3361pt too wide) in paragraph at lines 14--15
$[]$\OT1/cmr/m/it/12 Department of Bi-o-log-i-cal, Ge-o-log-i-cal and En-vi-ron-men-tal Sci-ence, Uni-ver-sity of Bologna, Bologna
 []



[8

]

[9]

[10]

[11]
Overfull \hbox (11.58908pt too wide) in paragraph at lines 44--45
[]\OT1/cmr/m/n/12 Researchers have been ad-dress-ing this topic mainly in snakes, ratites and stur-geons ([]\OT1/cmr/bx/n/12 Bachtrog
 []

<./figures/chapter2/figure_1.png, id=596, 5548.73pt x 4710.59875pt>
File: ./figures/chapter2/figure_1.png Graphic file (type png)
<use ./figures/chapter2/figure_1.png>
Package pdftex.def Info: ./figures/chapter2/figure_1.png  used on input line 51.
(pdftex.def)             Requested size: 435.32419pt x 369.52406pt.


[12]

[13 <./figures/chapter2/figure_1.png>]

[14]
<./figures/chapter2/figure_2.png, id=713, 6965.02126pt x 4262.92625pt>
File: ./figures/chapter2/figure_2.png Graphic file (type png)
<use ./figures/chapter2/figure_2.png>
Package pdftex.def Info: ./figures/chapter2/figure_2.png  used on input line 75.
(pdftex.def)             Requested size: 435.32419pt x 266.43224pt.


[15]

[16 <./figures/chapter2/figure_2.png>]

[17]

[18]

[19] [20

] [21] [22] [23]

[24]) (sections/chapter3_molecularEvolution.tex

[25

]
Chapter 3.

Overfull \hbox (7.3361pt too wide) in paragraph at lines 14--15
$[]$\OT1/cmr/m/it/12 Department of Bi-o-log-i-cal, Ge-o-log-i-cal and En-vi-ron-men-tal Sci-ence, Uni-ver-sity of Bologna, Bologna
 []



[26

]

[27]

[28]

[29]

[30]
<./figures/chapter3/figure_1.png, id=1016, 3388.66pt x 1675.25874pt>
File: ./figures/chapter3/figure_1.png Graphic file (type png)
<use ./figures/chapter3/figure_1.png>
Package pdftex.def Info: ./figures/chapter3/figure_1.png  used on input line 60.
(pdftex.def)             Requested size: 483.69684pt x 239.11029pt.


[31 <./figures/chapter3/figure_1.png>]

[32]

[33]
<./figures/chapter3/figure_2.png, id=1092, 6539.43124pt x 7565.26375pt>
File: ./figures/chapter3/figure_2.png Graphic file (type png)
<use ./figures/chapter3/figure_2.png>
Package pdftex.def Info: ./figures/chapter3/figure_2.png  used on input line 86.
(pdftex.def)             Requested size: 483.69684pt x 559.52063pt.


LaTeX Warning: Float too large for page by 7.80179pt on input line 92.



[34]

[35 <./figures/chapter3/figure_2.png>]
<./figures/chapter3/figure_3.png, id=1125, 8677.41875pt x 8710.5425pt>
File: ./figures/chapter3/figure_3.png Graphic file (type png)
<use ./figures/chapter3/figure_3.png>
Package pdftex.def Info: ./figures/chapter3/figure_3.png  used on input line 99.
(pdftex.def)             Requested size: 483.69684pt x 485.52756pt.


[36]

[37 <./figures/chapter3/figure_3.png>] [38

] [39] [40]

[41]
<./figures/chapter3/figure_4.png, id=1220, 8681.43375pt x 10097.725pt>
File: ./figures/chapter3/figure_4.png Graphic file (type png)
<use ./figures/chapter3/figure_4.png>
Package pdftex.def Info: ./figures/chapter3/figure_4.png  used on input line 212.
(pdftex.def)             Requested size: 435.32419pt x 506.30254pt.

Overfull \hbox (25.45576pt too wide) in paragraph at lines 221--221
[]\OT1/cmr/bx/n/14.4 A new manually-curated and phylogenetic-based ref-er-ence dataset
 []



[42

]

[43 <./figures/chapter3/figure_4.png>]

[44]

[45]

[46]

[47]
<./figures/chapter3/supp_fig_S1.pdf, id=1341, 650.43pt x 867.24pt>
File: ./figures/chapter3/supp_fig_S1.pdf Graphic file (type pdf)
<use ./figures/chapter3/supp_fig_S1.pdf>
Package pdftex.def Info: ./figures/chapter3/supp_fig_S1.pdf  used on input line 251.
(pdftex.def)             Requested size: 480.1594pt x 640.18265pt.


LaTeX Warning: Float too large for page by 6.86377pt on input line 257.

<./figures/chapter3/supp_fig_S2.pdf, id=1350, 867.24pt x 1734.48pt>
File: ./figures/chapter3/supp_fig_S2.pdf Graphic file (type pdf)
<use ./figures/chapter3/supp_fig_S2.pdf>
Package pdftex.def Info: ./figures/chapter3/supp_fig_S2.pdf  used on input line 261.
(pdftex.def)             Requested size: 320.09303pt x 640.18265pt.
<./figures/chapter3/supp_fig_S3.pdf, id=1359, 1084.05pt x 4336.2pt>
File: ./figures/chapter3/supp_fig_S3.pdf Graphic file (type pdf)
<use ./figures/chapter3/supp_fig_S3.pdf>
Package pdftex.def Info: ./figures/chapter3/supp_fig_S3.pdf  used on input line 271.
(pdftex.def)             Requested size: 160.03659pt x 640.18265pt.
<./figures/chapter3/supp_fig_S4.png, id=1368, 9664.105pt x 10366.73pt>
File: ./figures/chapter3/supp_fig_S4.png Graphic file (type png)
<use ./figures/chapter3/supp_fig_S4.png>
Package pdftex.def Info: ./figures/chapter3/supp_fig_S4.png  used on input line 281.
(pdftex.def)             Requested size: 483.69684pt x 518.84143pt.
<./figures/chapter3/supp_fig_S5.pdf, id=1375, 578.16pt x 867.24pt>
File: ./figures/chapter3/supp_fig_S5.pdf Graphic file (type pdf)
<use ./figures/chapter3/supp_fig_S5.pdf>
Package pdftex.def Info: ./figures/chapter3/supp_fig_S5.pdf  used on input line 291.
(pdftex.def)             Requested size: 426.80835pt x 640.18265pt.

LaTeX Warning: Float too large for page by 6.86377pt on input line 297.

<./figures/chapter3/supp_fig_S6.pdf, id=1388, 578.16pt x 2384.91pt>
File: ./figures/chapter3/supp_fig_S6.pdf Graphic file (type pdf)
<use ./figures/chapter3/supp_fig_S6.pdf>
Package pdftex.def Info: ./figures/chapter3/supp_fig_S6.pdf  used on input line 301.
(pdftex.def)             Requested size: 155.19661pt x 640.18265pt.
<./figures/chapter3/supp_fig_S7.pdf, id=1401, 722.7pt x 5058.9pt>
File: ./figures/chapter3/supp_fig_S7.pdf Graphic file (type pdf)
<use ./figures/chapter3/supp_fig_S7.pdf>
Package pdftex.def Info: ./figures/chapter3/supp_fig_S7.pdf  used on input line 311.
(pdftex.def)             Requested size: 91.45105pt x 640.18265pt.
<./figures/chapter3/supp_fig_S8.pdf, id=1414, 867.24pt x 361.35pt>
File: ./figures/chapter3/supp_fig_S8.pdf Graphic file (type pdf)
<use ./figures/chapter3/supp_fig_S8.pdf>
Package pdftex.def Info: ./figures/chapter3/supp_fig_S8.pdf  used on input line 321.
(pdftex.def)             Requested size: 483.69684pt x 201.5441pt.
<./figures/chapter3/supp_fig_S9.pdf, id=1427, 867.24pt x 505.89pt>
File: ./figures/chapter3/supp_fig_S9.pdf Graphic file (type pdf)
<use ./figures/chapter3/supp_fig_S9.pdf>
Package pdftex.def Info: ./figures/chapter3/supp_fig_S9.pdf  used on input line 331.
(pdftex.def)             Requested size: 483.69684pt x 282.16173pt.
<./figures/chapter3/supp_fig_S10.pdf, id=1440, 1084.05pt x 1084.05pt>
File: ./figures/chapter3/supp_fig_S10.pdf Graphic file (type pdf)
<use ./figures/chapter3/supp_fig_S10.pdf>
Package pdftex.def Info: ./figures/chapter3/supp_fig_S10.pdf  used on input line 341.
(pdftex.def)             Requested size: 483.69684pt x 483.69922pt.
<./figures/chapter3/supp_fig_S11.pdf, id=1453, 650.43pt x 650.43pt>
File: ./figures/chapter3/supp_fig_S11.pdf Graphic file (type pdf)
<use ./figures/chapter3/supp_fig_S11.pdf>
Package pdftex.def Info: ./figures/chapter3/supp_fig_S11.pdf  used on input line 351.
(pdftex.def)             Requested size: 483.69684pt x 483.71245pt.
<./figures/chapter3/supp_fig_S12.pdf, id=1458, 505.89pt x 505.89pt>
File: ./figures/chapter3/supp_fig_S12.pdf Graphic file (type pdf)
<use ./figures/chapter3/supp_fig_S12.pdf>
Package pdftex.def Info: ./figures/chapter3/supp_fig_S12.pdf  used on input line 361.
(pdftex.def)             Requested size: 483.69684pt x 483.70361pt.
<./figures/chapter3/supp_fig_S13.pdf, id=1467, 505.89pt x 722.7pt>
File: ./figures/chapter3/supp_fig_S13.pdf Graphic file (type pdf)
<use ./figures/chapter3/supp_fig_S13.pdf>
Package pdftex.def Info: ./figures/chapter3/supp_fig_S13.pdf  used on input line 371.
(pdftex.def)             Requested size: 448.13332pt x 640.18265pt.
<./figures/chapter3/supp_fig_S14.pdf, id=1468, 505.89pt x 2529.45pt>
File: ./figures/chapter3/supp_fig_S14.pdf Graphic file (type pdf)
<use ./figures/chapter3/supp_fig_S14.pdf>
Package pdftex.def Info: ./figures/chapter3/supp_fig_S14.pdf  used on input line 381.
(pdftex.def)             Requested size: 128.03146pt x 640.18265pt.

LaTeX Warning: Float too large for page by 6.86377pt on input line 387.

<./figures/chapter3/supp_fig_S15.png, id=1479, 650.43pt x 505.89pt>
File: ./figures/chapter3/supp_fig_S15.png Graphic file (type png)
<use ./figures/chapter3/supp_fig_S15.png>
Package pdftex.def Info: ./figures/chapter3/supp_fig_S15.png  used on input line 391.
(pdftex.def)             Requested size: 483.69684pt x 376.22078pt.


[48]

[49 <./figures/chapter3/supp_fig_S1.pdf>]

[50 <./figures/chapter3/supp_fig_S2.pdf>]

[51 <./figures/chapter3/supp_fig_S3.pdf>]

[52 <./figures/chapter3/supp_fig_S4.png>]

[53 <./figures/chapter3/supp_fig_S5.pdf>]

[54 <./figures/chapter3/supp_fig_S6.pdf>]

[55 <./figures/chapter3/supp_fig_S7.pdf>]

[56 <./figures/chapter3/supp_fig_S8.pdf> <./figures/chapter3/supp_fig_S9.pdf>]

[57 <./figures/chapter3/supp_fig_S10.pdf>]

[58 <./figures/chapter3/supp_fig_S11.pdf>]

[59 <./figures/chapter3/supp_fig_S12.pdf>]

[60 <./figures/chapter3/supp_fig_S13.pdf>]

[61 <./figures/chapter3/supp_fig_S14.pdf>]

[62 <./figures/chapter3/supp_fig_S15.png>]) (sections/chapter4_insitu.tex

[63

]
Chapter 4.

Overfull \hbox (15.28265pt too wide) in paragraph at lines 10--11
\OT1/cmr/m/n/17.28 Filippo Nicolini$[]$, Sergey Nuzhdin$[]$, Fab-rizio Ghiselli$[]$, An-drea Luchetti$[]$,
 []


Overfull \hbox (7.3361pt too wide) in paragraph at lines 14--15
$[]$\OT1/cmr/m/it/12 Department of Bi-o-log-i-cal, Ge-o-log-i-cal and En-vi-ron-men-tal Sci-ence, Uni-ver-sity of Bologna, Bologna
 []



[64

]
Overfull \hbox (0.41971pt too wide) in paragraph at lines 35--36
[]\OT1/cmtt/m/n/12 TRAILING:5 []SLIDINGWINDOW:4:15 []MINLEN:65[]\OT1/cmr/m/n/12 ). Read qual-ity was checked us-ing FastQC v0.12.1
 []



[65]

[66]
Overfull \hbox (9.5588pt too wide) in paragraph at lines 54--55
\OT1/cmr/m/n/12 10B017427, 10B093608, 10B014180, and 10B094018, re-spec-tively. The [][]\OT1/cmtt/m/n/12 insitu_probe_generator
 []



[67]

[68])

[69]

[70]

[71

]

[72]

[73]

[74]

[75]

[76]

[77]

[78]

[79]

[80]

[81]

[82] (sections/appendix.tex

[83]

[84

]

[85

]

[86]

[87

]
Overfull \hbox (3.68353pt too wide) in paragraph at lines 82--82
[][]\OT1/cmr/bx/n/20.74 Multiple and di-ver-si-fied trans-po-son lin-eages con-
 []



[88

]

[89]
Overfull \hbox (5.74783pt too wide) in paragraph at lines 117--118
$[]$\OT1/cmr/m/it/12 Laboratoire de Bi-olo-gie Com-pu-ta-tion-nelle et Quan-ti-ta-tive (LCQB), Sor-bonne Uni-ver-sit^^Se, CNRS,
 []

)

[90

] (main.aux)
 ***********
LaTeX2e <2024-06-01> patch level 2
L3 programming layer <2024-08-16>
 ***********


LaTeX Warning: There were multiply-defined labels.

Package rerunfilecheck Info: File `main.out' has not changed.
(rerunfilecheck)             Checksum: B38FBFDEC6C2FA53B9D699FC15B72772;12410.
Package logreq Info: Writing requests to 'main.run.xml'.
\openout1 = `main.run.xml'.

 ) 
Here is how much of TeX's memory you used:
 36225 strings out of 473899
 725513 string characters out of 5736316
 2053601 words of memory out of 5000000
 58296 multiletter control sequences out of 15000+600000
 571957 words of font info for 82 fonts, out of 8000000 for 9000
 1141 hyphenation exceptions out of 8191
 109i,9n,107p,6169b,5185s stack positions out of 10000i,1000n,20000p,200000b,200000s

pdfTeX warning (dest): name{glo:cvir} has been referenced but does not exist, replaced by a fixed one


pdfTeX warning (dest): name{glo:cari} has been referenced but does not exist, replaced by a fixed one


pdfTeX warning (dest): name{glo:cang} has been referenced but does not exist, replaced by a fixed one


pdfTeX warning (dest): name{glo:spur} has been referenced but does not exist, replaced by a fixed one


pdfTeX warning (dest): name{glo:dsuz} has been referenced but does not exist, replaced by a fixed one


pdfTeX warning (dest): name{glo:dpse} has been referenced but does not exist, replaced by a fixed one


pdfTeX warning (dest): name{glo:dhyd} has been referenced but does not exist, replaced by a fixed one


pdfTeX warning (dest): name{glo:oana} has been referenced but does not exist, replaced by a fixed one


pdfTeX warning (dest): name{glo:emax} has been referenced but does not exist, replaced by a fixed one


pdfTeX warning (dest): name{glo:mmus} has been referenced but does not exist, replaced by a fixed one


pdfTeX warning (dest): name{glo:hsap} has been referenced but does not exist, replaced by a fixed one


pdfTeX warning (dest): name{glo:lorb} has been referenced but does not exist, replaced by a fixed one


pdfTeX warning (dest): name{glo:pmax} has been referenced but does not exist, replaced by a fixed one


pdfTeX warning (dest): name{glo:airc} has been referenced but does not exist, replaced by a fixed one


pdfTeX warning (dest): name{glo:pcan} has been referenced but does not exist, replaced by a fixed one


pdfTeX warning (dest): name{glo:agam} has been referenced but does not exist, replaced by a fixed one


pdfTeX warning (dest): name{glo:ggal} has been referenced but does not exist, replaced by a fixed one


pdfTeX warning (dest): name{glo:pvir} has been referenced but does not exist, replaced by a fixed one


pdfTeX warning (dest): name{glo:mmod} has been referenced but does not exist, replaced by a fixed one


pdfTeX warning (dest): name{glo:scon} has been referenced but does not exist, replaced by a fixed one


pdfTeX warning (dest): name{glo:sbro} has been referenced but does not exist, replaced by a fixed one


pdfTeX warning (dest): name{glo:cele} has been referenced but does not exist, replaced by a fixed one


pdfTeX warning (dest): name{glo:dmel} has been referenced but does not exist, replaced by a fixed one


pdfTeX warning (dest): name{glo:hcum} has been referenced but does not exist, replaced by a fixed one


pdfTeX warning (dest): name{glo:cfar} has been referenced but does not exist, replaced by a fixed one


pdfTeX warning (dest): name{glo:pyes} has been referenced but does not exist, replaced by a fixed one


pdfTeX warning (dest): name{glo:cgig} has been referenced but does not exist, replaced by a fixed one


pdfTeX warning (dest): name{glo:dpul} has been referenced but does not exist, replaced by a fixed one

 <C:\Users\nicol\AppData\Local\MiKTeX\fonts/pk/ljfour/jknappen/ec/dpi600\tcrm1200.pk><C:/Program Files/MiKTeX/fonts/type1/public/amsfonts/cm/cmbx10.pfb><C:/Program Files/MiKTeX/fonts/type1/public/amsfonts/cm/cmbx12.pfb><C:/Program Files/MiKTeX/fonts/type1/public/amsfonts/cm/cmbxti10.pfb><C:/Program Files/MiKTeX/fonts/type1/public/amsfonts/cm/cmcsc10.pfb><C:/Program Files/MiKTeX/fonts/type1/public/amsfonts/cm/cmmi10.pfb><C:/Program Files/MiKTeX/fonts/type1/public/amsfonts/cm/cmmi12.pfb><C:/Program Files/MiKTeX/fonts/type1/public/amsfonts/cm/cmr10.pfb><C:/Program Files/MiKTeX/fonts/type1/public/amsfonts/cm/cmr12.pfb><C:/Program Files/MiKTeX/fonts/type1/public/amsfonts/cm/cmr17.pfb><C:/Program Files/MiKTeX/fonts/type1/public/amsfonts/cm/cmr8.pfb><C:/Program Files/MiKTeX/fonts/type1/public/amsfonts/cm/cmsy10.pfb><C:/Program Files/MiKTeX/fonts/type1/public/amsfonts/cm/cmti10.pfb><C:/Program Files/MiKTeX/fonts/type1/public/amsfonts/cm/cmti12.pfb><C:/Program Files/MiKTeX/fonts/type1/public/amsfonts/cm/cmti8.pfb><C:/Program Files/MiKTeX/fonts/type1/public/amsfonts/cm/cmtt12.pfb>
Output written on main.pdf (93 pages, 34983884 bytes).
PDF statistics:
 2011 PDF objects out of 2073 (max. 8388607)
 385 named destinations out of 1000 (max. 500000)
 471 words of extra memory for PDF output out of 10000 (max. 10000000)

